{
  "RSpec": {
    "coverage": {
      "/app/spec/shared/jwt_context.rb": {
        "lines": [
          1,
          null,
          1,
          48,
          null,
          null,
          1,
          1,
          null
        ]
      },
      "/app/spec/requests/admin/help_request_kinds_spec.rb": {
        "lines": [
          1,
          null,
          1,
          7,
          7,
          null,
          1,
          6,
          null,
          null,
          1,
          1,
          1,
          1,
          null,
          null,
          null,
          1,
          1,
          1,
          1,
          null,
          null,
          null,
          1,
          1,
          1,
          null,
          null,
          1,
          4,
          1,
          null,
          null,
          null,
          1,
          1,
          1,
          null,
          2,
          2,
          null,
          1,
          1,
          null,
          null,
          1,
          2,
          2,
          null,
          null,
          1,
          null,
          null,
          null,
          1,
          1,
          1,
          null,
          null,
          1,
          4,
          1,
          null,
          null,
          null,
          1,
          1,
          1,
          null,
          null,
          1,
          1,
          1,
          null,
          null,
          null
        ]
      },
      "/app/spec/requests/admin/help_requests_spec.rb": {
        "lines": [
          1,
          null,
          1,
          8,
          8,
          null,
          1,
          7,
          null,
          null,
          1,
          1,
          1,
          1,
          null,
          null,
          null,
          1,
          1,
          1,
          1,
          null,
          null,
          null,
          1,
          1,
          null,
          1,
          null,
          null,
          null,
          1,
          4,
          1,
          null,
          null,
          3,
          null,
          1,
          1,
          1,
          1,
          1,
          1,
          1,
          1,
          1,
          1,
          null,
          null,
          null,
          1,
          1,
          1,
          null,
          2,
          2,
          null,
          1,
          null,
          1,
          null,
          null,
          null,
          null,
          null,
          1,
          2,
          2,
          null,
          null,
          1,
          null,
          null,
          null,
          1,
          1,
          1,
          null,
          null,
          1,
          1,
          1,
          null,
          null,
          null,
          null,
          1,
          1,
          1,
          null,
          null,
          1,
          1,
          1,
          null,
          null,
          null,
          1,
          1,
          null,
          1,
          1,
          0,
          0,
          null,
          null,
          null,
          null
        ]
      },
      "/app/spec/requests/admin/users_spec.rb": {
        "lines": [
          1,
          null,
          1,
          2,
          null,
          1,
          1,
          null,
          null,
          1,
          1,
          1,
          1,
          null,
          null,
          null
        ]
      },
      "/app/spec/requests/api/v1/help_requests_spec.rb": {
        "lines": [
          1,
          null,
          1,
          1,
          null,
          6,
          null,
          1,
          2,
          null,
          1,
          1,
          1,
          1,
          1,
          null,
          null,
          null,
          null,
          7,
          8,
          null,
          1,
          1,
          1,
          1,
          1,
          null,
          null,
          null,
          1,
          2,
          null,
          1,
          1,
          1,
          1,
          1,
          1,
          1,
          null,
          null,
          null,
          1,
          2,
          null,
          1,
          1,
          1,
          1,
          1,
          1,
          null,
          null,
          null,
          1,
          1,
          1,
          null,
          null,
          null,
          null,
          null,
          1,
          1,
          1,
          1,
          1,
          1,
          null,
          null,
          null,
          1,
          1,
          1,
          null,
          null,
          null,
          null,
          null,
          2,
          null,
          1,
          1,
          1,
          1,
          1,
          1,
          1,
          1,
          1,
          null,
          null,
          1,
          1,
          1,
          null,
          null,
          null,
          null,
          null,
          null,
          null,
          null,
          null,
          2,
          null,
          1,
          1,
          1,
          1,
          1,
          null,
          null,
          null,
          null
        ]
      },
      "/app/spec/requests/api/v1/login_spec.rb": {
        "lines": [
          1,
          null,
          1,
          1,
          1,
          2,
          2,
          2,
          null,
          1,
          1,
          1,
          null,
          null,
          null,
          1,
          2,
          2,
          2,
          null,
          1,
          1,
          1,
          1,
          null,
          null,
          null,
          1,
          2,
          2,
          2,
          2,
          null,
          1,
          1,
          1,
          1,
          null,
          null,
          null,
          1,
          2,
          2,
          2,
          2,
          null,
          1,
          1,
          1,
          1,
          null,
          null,
          null,
          null,
          1,
          1,
          1,
          1,
          1,
          1,
          null,
          null,
          null,
          1,
          1,
          null,
          2,
          2,
          null,
          1,
          1,
          1,
          1,
          null,
          null,
          null,
          null
        ]
      },
      "/app/spec/requests/api/v1/profile_spec.rb": {
        "lines": [
          1,
          null,
          1,
          1,
          null,
          3,
          4,
          null,
          1,
          null,
          1,
          null,
          null,
          null,
          null,
          null,
          null,
          null,
          null,
          null,
          null,
          null,
          null,
          null,
          1,
          1,
          1,
          1,
          1,
          null,
          null,
          null,
          1,
          2,
          2,
          null,
          1,
          1,
          1,
          1,
          1,
          1,
          null,
          null,
          null,
          1,
          1,
          1,
          null,
          null,
          null,
          null,
          null,
          1,
          1,
          1,
          1,
          1,
          1,
          null,
          null,
          null
        ]
      },
      "/app/spec/requests/api/v1/scores_spec.rb": {
        "lines": [
          1,
          null,
          1,
          1,
          null,
          2,
          2,
          2,
          2,
          null,
          2,
          null,
          1,
          null,
          1,
          null,
          null,
          null,
          null,
          null,
          null,
          1,
          1,
          1,
          1,
          1,
          null,
          null,
          null
        ]
      },
      "/app/spec/requests/api/v2/help_requests_spec.rb": {
        "lines": [
          1,
          null,
          1,
          1,
          6,
          null,
          1,
          2,
          null,
          1,
          1,
          1,
          1,
          1,
          null,
          null,
          null,
          null,
          7,
          8,
          null,
          1,
          1,
          1,
          1,
          1,
          null,
          null,
          1,
          1,
          0,
          0,
          0,
          0,
          0,
          0,
          0,
          0,
          null,
          0,
          null,
          null,
          null,
          null,
          null,
          null,
          null,
          0,
          0,
          null,
          null,
          null,
          null,
          null,
          0,
          null,
          null,
          1,
          0,
          0,
          0,
          0,
          0,
          0,
          0,
          0,
          0,
          0,
          0,
          null,
          null,
          null,
          null,
          null,
          null,
          null,
          null,
          null,
          null,
          null,
          null,
          null,
          null,
          null,
          null,
          null,
          null,
          null,
          null,
          null,
          null,
          null,
          null,
          null,
          null,
          null,
          null,
          null,
          null,
          null,
          null,
          null,
          null,
          null,
          null,
          null,
          null,
          null,
          1,
          2,
          null,
          1,
          1,
          1,
          1,
          1,
          1,
          1,
          null,
          null,
          null,
          1,
          2,
          null,
          1,
          1,
          1,
          1,
          1,
          1,
          null,
          null,
          null,
          1,
          2,
          null,
          1,
          1,
          1,
          1,
          1,
          1,
          null,
          null,
          null,
          1,
          2,
          2,
          null,
          1,
          1,
          1,
          1,
          1,
          1,
          1,
          1,
          1,
          null,
          null,
          1,
          1,
          1,
          null,
          null,
          null,
          null,
          null,
          null,
          null,
          null,
          null,
          2,
          null,
          1,
          1,
          1,
          1,
          1,
          null,
          null,
          null,
          null
        ]
      },
      "/app/spec/requests/api/v2/login_spec.rb": {
        "lines": [
          1,
          null,
          1,
          null,
          7,
          7,
          7,
          5,
          6,
          7,
          null,
          1,
          1,
          null,
          1,
          1,
          1,
          1,
          null,
          null,
          null,
          1,
          2,
          null,
          1,
          1,
          1,
          1,
          1,
          null,
          null,
          null,
          1,
          2,
          null,
          1,
          1,
          1,
          1,
          1,
          null,
          null,
          null,
          1,
          2,
          null,
          1,
          1,
          1,
          1,
          1,
          null,
          null,
          null,
          null,
          1,
          1,
          1,
          1,
          1,
          1,
          1,
          null,
          null,
          null,
          1,
          1,
          null,
          1,
          1,
          1,
          1,
          1,
          null,
          null,
          null,
          null
        ]
      },
      "/app/spec/requests/api/v2/profile_spec.rb": {
        "lines": [
          1,
          null,
          1,
          1,
          null,
          3,
          4,
          null,
          1,
          null,
          1,
          null,
          null,
          null,
          null,
          null,
          null,
          null,
          null,
          null,
          null,
          null,
          null,
          null,
          1,
          1,
          1,
          1,
          1,
          null,
          null,
          null,
          1,
          2,
          2,
          null,
          1,
          1,
          1,
          1,
          1,
          1,
          null,
          null,
          null,
          1,
          1,
          1,
          null,
          null,
          null,
          null,
          null,
          1,
          1,
          1,
          1,
          1,
          1,
          null,
          null,
          null
        ]
      },
      "/app/spec/requests/api/v2/scores_spec.rb": {
        "lines": [
          1,
          null,
          1,
          1,
          null,
          2,
          2,
          2,
          2,
          null,
          2,
          null,
          1,
          null,
          1,
          null,
          null,
          null,
          null,
          null,
          null,
          1,
          1,
          1,
          1,
          1,
          null,
          null,
          null
        ]
      },
      "/app/spec/requests/api/v3/help_requests_spec.rb": {
        "lines": [
          1,
          null,
          1,
          1,
          6,
          null,
          1,
          2,
          null,
          1,
          1,
          1,
          1,
          1,
          null,
          null,
          null,
          null,
          7,
          8,
          null,
          1,
          1,
          1,
          1,
          1,
          null,
          null,
          1,
          1,
          0,
          0,
          0,
          0,
          0,
          0,
          0,
          0,
          null,
          0,
          null,
          null,
          null,
          null,
          null,
          null,
          null,
          0,
          0,
          null,
          null,
          null,
          null,
          0,
          null,
          null,
          1,
          0,
          0,
          0,
          0,
          0,
          0,
          0,
          0,
          0,
          0,
          0,
          null,
          null,
          null,
          null,
          null,
          null,
          null,
          null,
          null,
          null,
          null,
          null,
          null,
          null,
          null,
          null,
          null,
          null,
          null,
          null,
          null,
          null,
          null,
          null,
          null,
          null,
          null,
          null,
          null,
          null,
          null,
          null,
          null,
          null,
          null,
          null,
          null,
          null,
          null,
          1,
          2,
          null,
          1,
          1,
          1,
          1,
          1,
          1,
          1,
          null,
          null,
          null,
          1,
          2,
          null,
          1,
          1,
          1,
          1,
          1,
          1,
          null,
          null,
          null,
          1,
          2,
          null,
          1,
          1,
          1,
          1,
          1,
          1,
          null,
          null,
          null,
          1,
          2,
          2,
          null,
          1,
          1,
          1,
          1,
          1,
          1,
          1,
          1,
          1,
          null,
          null,
          1,
          1,
          1,
          null,
          null,
          null,
          null,
          null,
          null,
          null,
          null,
          null,
          2,
          null,
          1,
          1,
          1,
          1,
          1,
          null,
          null,
          null,
          null
        ]
      },
      "/app/spec/requests/api/v3/login_spec.rb": {
        "lines": [
          1,
          null,
          1,
          null,
          7,
          7,
          7,
          5,
          6,
          7,
          null,
          1,
          1,
          null,
          1,
          1,
          1,
          1,
          null,
          null,
          null,
          1,
          2,
          null,
          1,
          1,
          1,
          1,
          1,
          null,
          null,
          null,
          1,
          2,
          null,
          1,
          1,
          1,
          1,
          1,
          null,
          null,
          null,
          1,
          2,
          null,
          1,
          1,
          1,
          1,
          1,
          null,
          null,
          null,
          null,
          1,
          1,
          1,
          1,
          1,
          1,
          1,
          null,
          null,
          null,
          1,
          1,
          null,
          1,
          1,
          1,
          1,
          1,
          null,
          null,
          null,
          null
        ]
      },
      "/app/spec/requests/api/v3/profile_spec.rb": {
        "lines": [
          1,
          null,
          1,
          1,
          null,
          3,
          4,
          null,
          1,
          null,
          1,
          null,
          null,
          null,
          null,
          null,
          null,
          null,
          null,
          null,
          null,
          null,
          null,
          null,
          1,
          1,
          1,
          1,
          1,
          null,
          null,
          null,
          1,
          2,
          2,
          null,
          1,
          1,
          1,
          1,
          1,
          1,
          null,
          null,
          null,
          1,
          1,
          1,
          null,
          null,
          null,
          null,
          null,
          1,
          1,
          1,
          1,
          1,
          1,
          null,
          null,
          null
        ]
      },
      "/app/spec/requests/api/v3/scores_spec.rb": {
        "lines": [
          1,
          null,
          1,
          1,
          null,
          2,
          2,
          2,
          2,
          null,
          2,
          null,
          1,
          null,
          1,
          null,
          null,
          null,
          null,
          null,
          null,
          1,
          1,
          1,
          1,
          1,
          null,
          null,
          null
        ]
      },
      "/app/spec/searchers/dashboard/admin_searcher_spec.rb": {
        "lines": [
          1,
          null,
          1,
          2,
          2,
          null,
          1,
          null,
          1,
          null,
          null,
          null,
          null,
          null,
          null,
          null,
          null,
          null,
          null,
          null,
          null,
          null,
          1,
          1,
          null,
          1,
          1,
          1,
          null,
          1,
          1,
          1,
          null,
          1,
          1,
          1,
          1,
          1,
          1,
          null,
          1,
          15,
          15,
          15,
          null,
          null,
          1,
          7,
          7,
          7,
          null,
          null,
          1,
          3,
          3,
          3,
          null,
          null,
          1,
          2,
          2,
          2,
          null,
          null,
          null,
          1,
          1,
          null,
          null
        ]
      },
      "/app/app/searchers/dashboard/admin_searcher.rb": {
        "lines": [
          null,
          null,
          1,
          1,
          1,
          2,
          null,
          null,
          1,
          null,
          2,
          null,
          null,
          null,
          null,
          null,
          null,
          null,
          null,
          null,
          null,
          null,
          null,
          null,
          1,
          null,
          1,
          null,
          1,
          2,
          null,
          null,
          1,
          4,
          null,
          null,
          1,
          2,
          null,
          null,
          1,
          4,
          null,
          null,
          1,
          2,
          null,
          null,
          null,
          null,
          null,
          null,
          1,
          10,
          null,
          null,
          1,
          4,
          null,
          null,
          1,
          14,
          null,
          null,
          null
        ]
      },
      "/app/spec/workers/recurring_help_request_worker_spec.rb": {
        "lines": [
          1,
          null,
          1,
          1,
          40,
          null,
          null,
          1,
          30,
          null,
          null,
          1,
          3,
          null,
          null,
          1,
          25,
          null,
          null,
          41,
          41,
          37,
          null,
          1,
          1,
          24,
          null,
          null,
          null,
          null,
          null,
          null,
          null,
          null,
          1,
          24,
          null,
          null,
          null,
          null,
          null,
          1,
          1,
          1,
          null,
          null,
          1,
          4,
          null,
          1,
          4,
          null,
          null,
          1,
          4,
          null,
          null,
          1,
          4,
          null,
          null,
          null,
          1,
          4,
          null,
          1,
          4,
          null,
          null,
          1,
          4,
          null,
          null,
          1,
          4,
          null,
          null,
          null,
          1,
          4,
          null,
          1,
          4,
          null,
          null,
          1,
          4,
          null,
          null,
          1,
          4,
          null,
          null,
          null,
          1,
          4,
          null,
          1,
          4,
          null,
          null,
          1,
          4,
          null,
          null,
          1,
          4,
          null,
          null,
          null,
          null,
          1,
          1,
          1,
          null,
          null,
          1,
          4,
          null,
          1,
          4,
          null,
          null,
          1,
          4,
          null,
          null,
          1,
          4,
          null,
          null,
          null,
          1,
          4,
          null,
          1,
          4,
          null,
          null,
          1,
          4,
          null,
          null,
          1,
          4,
          null,
          null,
          null,
          1,
          4,
          null,
          1,
          4,
          null,
          null,
          1,
          4,
          null,
          null,
          1,
          4,
          null,
          null,
          null,
          1,
          4,
          null,
          1,
          4,
          null,
          null,
          1,
          4,
          null,
          null,
          1,
          4,
          null,
          null,
          null,
          null,
          null,
          1,
          1,
          1,
          null,
          null,
          1,
          3,
          null,
          null,
          null,
          null,
          null,
          null,
          null,
          null,
          1,
          3,
          null,
          null,
          null,
          null,
          null,
          1,
          4,
          null,
          null,
          1,
          4,
          null,
          null,
          1,
          4,
          null,
          null,
          null,
          1,
          13,
          null,
          1,
          1,
          null,
          6,
          null,
          null,
          6,
          null,
          null,
          1,
          1,
          1,
          1,
          1,
          1,
          null,
          null,
          null,
          1,
          1,
          1,
          1,
          1,
          null,
          null,
          null,
          1,
          1,
          1,
          1,
          null,
          null,
          null,
          1,
          1,
          1,
          1,
          1,
          null,
          null,
          null,
          1,
          1,
          1,
          1,
          1,
          1,
          null,
          null,
          null,
          1,
          1,
          1,
          1,
          1,
          1,
          1,
          null,
          null,
          null,
          null,
          1,
          1,
          6,
          6,
          null,
          null,
          1,
          1,
          1,
          1,
          1,
          1,
          null,
          null,
          null,
          1,
          1,
          1,
          1,
          1,
          null,
          null,
          null,
          1,
          1,
          1,
          1,
          null,
          null,
          null,
          1,
          1,
          1,
          1,
          1,
          null,
          null,
          null,
          1,
          1,
          1,
          1,
          1,
          1,
          null,
          null,
          null,
          1,
          1,
          1,
          1,
          1,
          1,
          1,
          null,
          null,
          null,
          null,
          1,
          1,
          1,
          null,
          null,
          1,
          1,
          1,
          1,
          1,
          1,
          1,
          null,
          null,
          null,
          1,
          null,
          1,
          null,
          13,
          null,
          null,
          null,
          null,
          null,
          null,
          null,
          null,
          null,
          null,
          null,
          1,
          13,
          13,
          null,
          null,
          13,
          null,
          null,
          13,
          null,
          null,
          null,
          13,
          null,
          13,
          null,
          null,
          1,
          null,
          7,
          null,
          null,
          null,
          null,
          7,
          null,
          null,
          null,
          7,
          null,
          null,
          1,
          null,
          6,
          null,
          null,
          null,
          6,
          null,
          null,
          null,
          6,
          null,
          null,
          1,
          null,
          5,
          null,
          null,
          5,
          null,
          null,
          null,
          null,
          null,
          null,
          1,
          null,
          9,
          null,
          null,
          9,
          null,
          null,
          null,
          null,
          null,
          null,
          1,
          14,
          null,
          null,
          1,
          10,
          10,
          10,
          10,
          10,
          null,
          null,
          1,
          3,
          3,
          3,
          null,
          null,
          1,
          40,
          null,
          null,
          null
        ]
      },
      "/app/app/workers/recurring_help_requests_worker.rb": {
        "lines": [
          1,
          null,
          1,
          1,
          null,
          1,
          40,
          null,
          null
        ]
      },
      "/app/app/controllers/sessions_controller.rb": {
        "lines": [
          1,
          1,
          null,
          1,
          3,
          1,
          0,
          0,
          null,
          null,
          null,
          null
        ]
      },
      "/app/app/controllers/application_controller.rb": {
        "lines": [
          null,
          null,
          1,
          1,
          1,
          null,
          1,
          null,
          1,
          null,
          1,
          null,
          1,
          10,
          null,
          null,
          1,
          0,
          null,
          null,
          1,
          1,
          1,
          0,
          0,
          0,
          0,
          null,
          0,
          0,
          null,
          null,
          null,
          1,
          13,
          null,
          null,
          1,
          0,
          0,
          0,
          null,
          null
        ]
      },
      "/app/app/models/setting.rb": {
        "lines": [
          null,
          null,
          null,
          null,
          null,
          null,
          null,
          null,
          null,
          null,
          null,
          null,
          null,
          null,
          1,
          12,
          null,
          1,
          null
        ]
      },
      "/app/app/models/organization.rb": {
        "lines": [
          null,
          null,
          null,
          null,
          null,
          null,
          null,
          null,
          null,
          null,
          null,
          null,
          null,
          null,
          null,
          1,
          1,
          1,
          1,
          1,
          null,
          1,
          null,
          null,
          1,
          null,
          null,
          null,
          null,
          null,
          null,
          null,
          null,
          null,
          null,
          null,
          1,
          null,
          1,
          1,
          null,
          3,
          null,
          1,
          1,
          null,
          null
        ]
      },
      "/app/app/models/concerns/has_config.rb": {
        "lines": [
          1,
          null,
          1,
          1,
          null,
          1,
          1,
          1,
          null,
          1,
          2,
          null,
          2,
          26,
          null,
          null,
          2,
          0,
          null,
          null,
          null,
          null,
          1,
          26,
          26,
          26,
          26,
          null,
          null,
          1,
          52,
          null,
          null,
          1,
          null,
          null
        ]
      },
      "/app/app/controllers/admin/dashboard_controller.rb": {
        "lines": [
          1,
          1,
          1,
          1,
          1,
          0,
          0,
          null,
          0,
          null,
          1,
          null,
          null,
          null
        ]
      },
      "/app/app/controllers/admin/base_controller.rb": {
        "lines": [
          1,
          1,
          1,
          null,
          1,
          13,
          null,
          null,
          1,
          14,
          null,
          null,
          null
        ]
      },
      "/app/app/models/help_request.rb": {
        "lines": [
          null,
          null,
          null,
          null,
          null,
          null,
          null,
          null,
          null,
          null,
          null,
          null,
          null,
          null,
          null,
          null,
          null,
          null,
          null,
          null,
          null,
          null,
          null,
          null,
          null,
          null,
          null,
          null,
          null,
          null,
          null,
          null,
          null,
          null,
          null,
          null,
          null,
          null,
          null,
          null,
          null,
          null,
          1,
          1,
          1,
          null,
          1,
          null,
          1,
          1,
          1,
          1,
          null,
          136,
          33,
          null,
          33,
          1,
          null,
          1,
          null,
          1,
          1,
          1,
          1,
          1,
          null,
          1,
          null,
          1,
          1,
          null,
          1,
          1,
          1,
          null,
          null,
          1,
          1,
          null,
          null,
          1,
          1,
          3,
          null,
          null,
          1,
          null,
          null,
          1,
          1,
          null,
          null,
          1,
          1,
          null,
          null,
          null,
          1,
          1,
          1,
          1,
          40,
          null,
          null,
          null,
          null,
          1,
          12,
          null,
          null,
          1,
          2,
          null,
          0,
          null,
          null,
          1,
          null,
          1,
          189,
          null,
          null,
          1,
          78,
          36,
          null,
          12,
          null,
          null,
          1,
          88,
          null,
          null
        ]
      },
      "/app/app/models/concerns/geojson_accessor.rb": {
        "lines": [
          1,
          null,
          1,
          1,
          1,
          1,
          null,
          null,
          null,
          1,
          1,
          1,
          2,
          null,
          2,
          251,
          251,
          null,
          null,
          2,
          192,
          192,
          null,
          175,
          175,
          null,
          null,
          null,
          null,
          null
        ]
      },
      "/app/app/models/concerns/has_geo_salt.rb": {
        "lines": [
          1,
          null,
          1,
          1,
          null,
          1,
          1,
          null,
          1,
          null,
          1,
          null,
          1,
          163,
          null,
          null,
          1,
          163,
          null,
          163,
          null,
          0,
          0,
          0,
          null,
          0,
          null,
          null,
          null
        ]
      },
      "/app/app/models/help_request_log.rb": {
        "lines": [
          null,
          null,
          null,
          null,
          null,
          null,
          null,
          null,
          null,
          null,
          null,
          null,
          null,
          null,
          null,
          null,
          null,
          1,
          1,
          1,
          null,
          null,
          null,
          null,
          null,
          null,
          1,
          null,
          null,
          null,
          null,
          null,
          null,
          null,
          null,
          null,
          null,
          1,
          null,
          1,
          0,
          0,
          null,
          null
        ]
      },
      "/app/app/controllers/admin/help_request_kinds_controller.rb": {
        "lines": [
          1,
          1,
          1,
          null,
          1,
          1,
          null,
          null,
          1,
          1,
          null,
          null,
          1,
          1,
          1,
          1,
          null,
          1,
          1,
          1,
          null,
          0,
          0,
          null,
          null,
          null,
          1,
          1,
          null,
          null,
          1,
          1,
          null,
          1,
          1,
          1,
          null,
          null,
          0,
          null,
          null,
          0,
          0,
          0,
          null,
          null,
          null,
          1,
          1,
          null,
          1,
          1,
          0,
          0,
          null,
          1,
          null,
          null,
          null,
          1,
          3,
          null,
          null,
          1,
          null,
          1,
          3,
          null,
          null,
          1,
          2,
          null,
          null,
          null,
          null,
          null
        ]
      },
      "/app/app/models/help_request_kind.rb": {
        "lines": [
          null,
          null,
          null,
          null,
          null,
          null,
          null,
          null,
          null,
          null,
          null,
          null,
          null,
          null,
          null,
          1,
          1,
          1,
          7,
          1,
          null,
          1,
          1,
          null,
          1,
          null,
          1,
          null,
          1,
          null,
          1,
          5,
          null,
          null,
          1,
          4,
          null,
          null
        ]
      },
      "/app/app/policies/help_request_kind_policy.rb": {
        "lines": [
          1,
          1,
          0,
          null,
          null,
          1,
          1,
          null,
          null,
          1,
          2,
          null,
          null,
          1,
          1,
          null,
          null,
          1,
          1,
          1,
          null,
          1,
          null,
          null,
          null,
          1,
          null,
          1,
          4,
          null,
          null
        ]
      },
      "/app/app/policies/application_policy.rb": {
        "lines": [
          1,
          1,
          null,
          1,
          7,
          7,
          null,
          null,
          1,
          0,
          null,
          null,
          1,
          0,
          null,
          null,
          1,
          0,
          null,
          null,
          1,
          0,
          null,
          null,
          1,
          0,
          null,
          null,
          1,
          2,
          null,
          null,
          1,
          0,
          null,
          null,
          1,
          1,
          null,
          1,
          8,
          8,
          null,
          null,
          1,
          0,
          0,
          null,
          0,
          null,
          null,
          1,
          null,
          1,
          6,
          null,
          null,
          null
        ]
      },
      "/app/app/models/custom_field.rb": {
        "lines": [
          null,
          null,
          null,
          null,
          null,
          null,
          null,
          null,
          null,
          null,
          null,
          null,
          null,
          null,
          null,
          null,
          null,
          1,
          1,
          null,
          1,
          null,
          1,
          1,
          null,
          1,
          null,
          1,
          0,
          null,
          null
        ]
      },
      "/app/app/controllers/admin/help_requests_controller.rb": {
        "lines": [
          1,
          null,
          1,
          1,
          1,
          1,
          null,
          1,
          1,
          1,
          1,
          1,
          null,
          null,
          1,
          1,
          1,
          null,
          null,
          1,
          1,
          null,
          null,
          null,
          null,
          null,
          1,
          1,
          null,
          1,
          null,
          null,
          1,
          1,
          null,
          0,
          0,
          0,
          0,
          null,
          null,
          null,
          1,
          1,
          1,
          1,
          null,
          1,
          null,
          null,
          1,
          1,
          null,
          0,
          0,
          0,
          0,
          null,
          null,
          null,
          1,
          0,
          0,
          0,
          0,
          null,
          null,
          null,
          1,
          0,
          0,
          0,
          0,
          null,
          null,
          0,
          0,
          null,
          0,
          null,
          null,
          null,
          0,
          null,
          null,
          0,
          null,
          null,
          null,
          null,
          0,
          null,
          0,
          null,
          null,
          null,
          null,
          null,
          null,
          0,
          null,
          null,
          null,
          1,
          0,
          null,
          0,
          0,
          0,
          0,
          0,
          null,
          0,
          null,
          null,
          null,
          null,
          null,
          null,
          null,
          null,
          1,
          0,
          null,
          0,
          null,
          null,
          0,
          0,
          null,
          null,
          1,
          null,
          1,
          3,
          null,
          null,
          1,
          8,
          0,
          null,
          8,
          null,
          null,
          null,
          1,
          4,
          null,
          null,
          1,
          2,
          2,
          0,
          null,
          null,
          null,
          null,
          1,
          2,
          null,
          2,
          2,
          null,
          null,
          1,
          1,
          null,
          null,
          null,
          null
        ]
      },
      "/app/app/searchers/help_requests_searcher.rb": {
        "lines": [
          null,
          null,
          1,
          1,
          null,
          null,
          null,
          null,
          null,
          null,
          null,
          null,
          null,
          1,
          null,
          1,
          null,
          1,
          1,
          null,
          null,
          null,
          null,
          1,
          null,
          1,
          null,
          null,
          null,
          null,
          1,
          null,
          1,
          0,
          null,
          null,
          1,
          2,
          2,
          2,
          2,
          2,
          0,
          0,
          null,
          2,
          null,
          null,
          2,
          null,
          null,
          1,
          1,
          null,
          null,
          1,
          0,
          0,
          null,
          null,
          null,
          null,
          1,
          2,
          2,
          null,
          null,
          1,
          2,
          2,
          null,
          null,
          1,
          2,
          2,
          null,
          null,
          1,
          2,
          null,
          null
        ]
      },
      "/app/app/searchers/text_searcher.rb": {
        "lines": [
          null,
          null,
          1,
          1,
          null,
          1,
          0,
          null,
          null,
          1,
          4,
          4,
          null,
          0,
          0,
          0,
          0,
          0,
          0,
          null,
          0,
          null,
          null,
          null,
          0,
          null,
          null
        ]
      },
      "/app/app/policies/help_request_policy.rb": {
        "lines": [
          1,
          1,
          0,
          null,
          null,
          1,
          1,
          null,
          null,
          1,
          0,
          null,
          null,
          1,
          2,
          null,
          null,
          1,
          0,
          null,
          null,
          1,
          1,
          4,
          4,
          0,
          0,
          null,
          null,
          null,
          null,
          0,
          null,
          null,
          null,
          null,
          1,
          null,
          1,
          2,
          2,
          0,
          0,
          null,
          null,
          1,
          3,
          null,
          null
        ]
      },
      "/app/app/policies/user_policy.rb": {
        "lines": [
          1,
          1,
          0,
          0,
          null,
          null,
          null,
          1,
          0,
          null,
          null,
          null,
          null,
          null,
          null,
          0,
          null,
          null,
          1,
          0,
          0,
          null,
          null,
          null,
          null,
          1,
          0,
          0,
          null,
          null,
          null,
          null,
          1,
          0,
          null,
          null,
          1,
          0,
          0,
          null,
          null,
          null,
          null,
          1,
          0,
          0,
          null,
          0,
          0,
          null,
          null,
          null,
          null,
          null,
          1,
          0,
          0,
          null,
          0,
          0,
          null,
          null,
          null,
          null,
          null,
          1,
          1,
          3,
          1,
          null,
          1,
          null,
          null,
          null,
          1,
          null,
          1,
          0,
          null,
          null,
          1,
          0,
          null,
          null,
          1,
          0,
          null,
          null
        ]
      },
      "/app/app/use_cases/admin/help_request_cases/create.rb": {
        "lines": [
          1,
          1,
          1,
          1,
          14,
          14,
          null,
          null,
          null,
          null,
          14,
          14,
          14,
          14,
          14,
          null,
          null,
          0,
          null,
          null,
          1,
          null,
          1,
          14,
          0,
          null,
          null,
          null,
          null,
          null,
          null,
          null,
          null
        ]
      },
      "/app/app/use_cases/admin/help_request_cases/base.rb": {
        "lines": [
          1,
          1,
          1,
          1,
          null,
          1,
          28,
          28,
          28,
          null,
          null,
          1,
          0,
          null,
          null,
          1,
          null,
          1,
          null,
          1,
          28,
          null,
          0,
          null,
          0,
          0,
          null,
          0,
          null,
          null,
          null,
          1,
          0,
          0,
          0,
          null,
          null,
          1,
          0,
          0,
          null,
          null,
          1,
          28,
          0,
          0,
          28,
          0,
          0,
          0,
          null,
          28,
          null,
          null,
          1,
          70,
          37,
          37,
          37,
          null,
          33,
          null,
          70,
          null,
          null,
          1,
          28,
          28,
          28,
          null,
          0,
          0,
          0,
          0,
          null,
          0,
          0,
          0,
          0,
          0,
          0,
          null,
          null,
          1,
          70,
          null,
          null,
          null,
          null,
          null,
          null,
          70,
          null,
          null,
          1,
          3,
          null,
          null,
          1,
          28,
          null,
          null,
          null,
          null,
          null,
          null,
          1,
          0,
          null,
          null,
          null,
          null,
          null,
          null
        ]
      },
      "/app/app/use_cases/admin/help_request_cases/push_notifications.rb": {
        "lines": [
          1,
          1,
          1,
          1,
          2,
          null,
          null,
          1,
          0,
          null,
          null,
          1,
          0,
          null,
          null,
          1,
          2,
          null,
          null,
          null,
          null,
          null,
          null,
          null,
          1,
          2,
          2,
          null,
          2,
          null,
          null,
          null,
          null,
          null,
          null,
          null,
          null,
          1,
          0,
          0,
          null,
          0,
          null,
          null,
          null,
          null,
          null,
          null,
          null,
          null,
          1,
          0,
          0,
          null,
          0,
          null,
          null,
          null,
          null,
          null,
          null,
          null,
          null,
          1,
          2,
          2,
          2,
          null,
          null,
          null,
          null
        ]
      },
      "/app/app/use_cases/admin/help_request_cases/update.rb": {
        "lines": [
          1,
          1,
          1,
          1,
          14,
          14,
          14,
          14,
          14,
          14,
          14,
          14,
          null,
          null,
          0,
          null,
          null,
          1,
          null,
          1,
          null,
          null,
          null,
          null,
          null,
          null,
          null,
          null,
          null,
          1,
          14,
          null,
          14,
          44,
          30,
          null,
          14,
          null,
          null,
          null,
          null
        ]
      },
      "/app/app/controllers/admin/users_controller.rb": {
        "lines": [
          1,
          1,
          1,
          null,
          1,
          1,
          1,
          1,
          null,
          null,
          1,
          0,
          null,
          null,
          1,
          0,
          0,
          0,
          0,
          0,
          null,
          0,
          0,
          null,
          null,
          null,
          1,
          0,
          null,
          null,
          1,
          0,
          0,
          0,
          0,
          null,
          0,
          null,
          0,
          null,
          0,
          0,
          null,
          null,
          null,
          1,
          0,
          0,
          0,
          0,
          0,
          null,
          null,
          null,
          null,
          null,
          0,
          0,
          null,
          null,
          null,
          1,
          0,
          0,
          0,
          0,
          null,
          null,
          1,
          null,
          1,
          0,
          null,
          null,
          1,
          0,
          0,
          null,
          0,
          null,
          0,
          0,
          null,
          null,
          0,
          0,
          null,
          null,
          0,
          0,
          null,
          null,
          0,
          0,
          null,
          null,
          0,
          null,
          null,
          null,
          1,
          1,
          null,
          null,
          null
        ]
      },
      "/app/app/searchers/users_searcher.rb": {
        "lines": [
          null,
          null,
          1,
          1,
          null,
          null,
          null,
          null,
          null,
          1,
          null,
          1,
          1,
          null,
          null,
          null,
          null,
          1,
          null,
          1,
          null,
          null,
          null,
          null,
          1,
          null,
          1,
          0,
          null,
          null,
          1,
          2,
          null,
          null,
          1,
          1,
          null,
          null
        ]
      },
      "/app/lib/json_web_token.rb": {
        "lines": [
          1,
          1,
          null,
          1,
          42,
          42,
          null,
          null,
          1,
          39,
          36,
          null,
          null
        ]
      },
      "/app/app/controllers/api/v1/help_requests_controller.rb": {
        "lines": [
          null,
          null,
          1,
          1,
          1,
          1,
          null,
          1,
          5,
          null,
          null,
          null,
          5,
          3,
          null,
          5,
          null,
          null,
          1,
          2,
          null,
          null,
          null,
          null,
          2,
          null,
          null,
          1,
          4,
          null,
          null,
          null,
          null,
          4,
          null,
          null,
          1,
          2,
          null,
          null,
          null,
          null,
          2,
          null,
          null,
          1,
          null,
          1,
          8,
          8,
          null,
          null,
          1,
          8,
          null,
          null,
          1,
          5,
          null,
          null,
          1,
          8,
          null,
          null,
          null,
          null
        ]
      },
      "/app/app/controllers/api/v1/base_controller.rb": {
        "lines": [
          null,
          null,
          1,
          1,
          1,
          1,
          1,
          null,
          1,
          null,
          1,
          39,
          null,
          3,
          null,
          3,
          null,
          null,
          1,
          null,
          1,
          null,
          1,
          null,
          1,
          39,
          null,
          null,
          1,
          39,
          39,
          null,
          null,
          1,
          6,
          null,
          0,
          null,
          3,
          null,
          3,
          null,
          6,
          null,
          null,
          null,
          null,
          null,
          null,
          1,
          51,
          51,
          51,
          51,
          null,
          null,
          null,
          null
        ]
      },
      "/app/app/searchers/api/help_requests_searcher.rb": {
        "lines": [
          null,
          null,
          1,
          1,
          1,
          null,
          null,
          null,
          null,
          null,
          null,
          null,
          null,
          null,
          1,
          null,
          1,
          6,
          null,
          null,
          6,
          null,
          null,
          1,
          6,
          6,
          6,
          null,
          6,
          null,
          null,
          1,
          null,
          1,
          6,
          null,
          null,
          null,
          null,
          null,
          null,
          null,
          null,
          null,
          1,
          0,
          null,
          null,
          null,
          null,
          null,
          null,
          null,
          null,
          null,
          null,
          1,
          0,
          0,
          null,
          null,
          null,
          null,
          null,
          null,
          null,
          1,
          6,
          null,
          null,
          1,
          6,
          null,
          null,
          1,
          6,
          null,
          null,
          1,
          6,
          null,
          null,
          null,
          null,
          0,
          0,
          0,
          0,
          0,
          0,
          0,
          null,
          null,
          1,
          6,
          null,
          null,
          null,
          null,
          0,
          0,
          0,
          0,
          0,
          null,
          null,
          1,
          6,
          null,
          null,
          null
        ]
      },
      "/app/app/models/custom_value.rb": {
        "lines": [
          null,
          null,
          null,
          null,
          null,
          null,
          null,
          null,
          null,
          null,
          null,
          null,
          null,
          null,
          null,
          null,
          1,
          null,
          null,
          1,
          null,
          1,
          null,
          1,
          1,
          null,
          1,
          null
        ]
      },
      "/app/app/presenters/api/help_request_presenter.rb": {
        "lines": [
          null,
          null,
          1,
          1,
          1,
          1,
          null,
          1,
          25,
          25,
          null,
          null,
          1,
          25,
          null,
          14,
          null,
          null,
          1,
          null,
          null,
          1,
          14,
          null,
          null,
          null,
          null,
          null,
          null,
          null,
          null,
          null,
          null,
          null,
          1,
          11,
          null,
          null,
          null,
          null,
          null,
          null,
          null,
          null,
          null,
          null,
          null,
          1,
          null,
          1,
          25,
          null,
          null,
          null,
          null,
          null,
          1,
          78,
          null,
          null,
          1,
          11,
          null,
          null,
          1,
          null,
          11,
          null,
          null,
          null,
          1,
          14,
          14,
          14,
          null,
          null,
          1,
          14,
          14,
          14,
          null,
          14,
          14,
          null,
          null,
          1,
          14,
          null,
          null,
          1,
          25,
          25,
          null,
          0,
          0,
          0,
          0,
          0,
          0,
          null,
          0,
          null,
          null,
          null,
          1,
          25,
          25,
          25,
          0,
          0,
          null,
          0,
          0,
          null,
          null,
          0,
          null,
          null,
          null,
          null,
          null,
          null,
          null,
          1,
          0,
          0,
          null,
          0,
          null,
          0,
          null,
          0,
          null,
          null,
          null,
          1,
          0,
          null,
          0,
          null,
          null,
          1,
          0,
          null,
          null,
          1,
          0,
          0,
          null,
          null,
          1,
          25,
          null,
          null,
          null
        ]
      },
      "/app/app/use_cases/api/v1/help_request_cases/assign.rb": {
        "lines": [
          1,
          1,
          1,
          1,
          1,
          11,
          11,
          11,
          11,
          11,
          11,
          11,
          null,
          0,
          null,
          11,
          null,
          null,
          null,
          null,
          null
        ]
      },
      "/app/app/use_cases/api/v1/help_request_cases/base.rb": {
        "lines": [
          1,
          1,
          1,
          1,
          1,
          1,
          22,
          22,
          22,
          22,
          null,
          null,
          1,
          null,
          1,
          null,
          1,
          22,
          null,
          null,
          1,
          0,
          null,
          null,
          1,
          0,
          null,
          0,
          null,
          null,
          1,
          0,
          null,
          null,
          1,
          22,
          null,
          null,
          null,
          null,
          null,
          null,
          null,
          null,
          null
        ]
      },
      "/app/app/use_cases/api/v1/help_request_cases/refuse.rb": {
        "lines": [
          1,
          1,
          1,
          1,
          1,
          2,
          2,
          2,
          2,
          2,
          null,
          0,
          null,
          2,
          null,
          null,
          null,
          null,
          null
        ]
      },
      "/app/app/use_cases/api/v1/help_request_cases/submit.rb": {
        "lines": [
          1,
          1,
          1,
          1,
          1,
          9,
          9,
          9,
          9,
          9,
          9,
          9,
          9,
          9,
          null,
          0,
          null,
          9,
          null,
          null,
          1,
          9,
          null,
          null,
          1,
          9,
          null,
          null,
          1,
          9,
          null,
          null,
          1,
          9,
          null,
          null,
          1,
          9,
          null,
          null,
          1,
          9,
          9,
          null,
          null,
          1,
          9,
          null,
          null,
          null,
          null,
          null
        ]
      },
      "/app/app/controllers/api/v1/authentication_controller.rb": {
        "lines": [
          1,
          1,
          1,
          1,
          1,
          null,
          null,
          1,
          4,
          1,
          0,
          null,
          null,
          1,
          0,
          null,
          1,
          null,
          3,
          null,
          null,
          null,
          null,
          null,
          1,
          1,
          null,
          null,
          1,
          null,
          1,
          2,
          2,
          null,
          null,
          2,
          null,
          null,
          null,
          null,
          null,
          1,
          4,
          null,
          null,
          1,
          0,
          null,
          null,
          1,
          3,
          null,
          null,
          null,
          null
        ]
      },
      "/app/app/controllers/api/v1/profiles_controller.rb": {
        "lines": [
          1,
          1,
          1,
          1,
          3,
          null,
          null,
          1,
          3,
          3,
          3,
          null,
          null,
          1,
          3,
          null,
          null,
          null,
          null,
          null,
          null,
          null,
          null
        ]
      },
      "/app/app/presenters/api/user_presenter.rb": {
        "lines": [
          null,
          null,
          1,
          1,
          1,
          3,
          null,
          null,
          null,
          null,
          null,
          null,
          null,
          null,
          null,
          null,
          null,
          null,
          null
        ]
      },
      "/app/app/presenters/base_presenter.rb": {
        "lines": [
          null,
          null,
          1,
          1,
          6,
          null,
          null,
          1,
          null,
          1,
          null,
          3,
          null,
          null,
          null,
          null,
          null,
          null
        ]
      },
      "/app/app/controllers/api/v1/scores_controller.rb": {
        "lines": [
          1,
          1,
          1,
          1,
          3,
          null,
          null,
          null,
          null
        ]
      },
      "/app/app/presenters/api/scores_presenter.rb": {
        "lines": [
          null,
          null,
          1,
          1,
          1,
          3,
          null,
          3,
          null,
          12,
          null,
          null,
          null,
          null,
          null,
          null,
          null,
          null,
          1,
          null,
          1,
          3,
          null,
          null,
          null
        ]
      },
      "/app/app/controllers/api/v2/help_requests_controller.rb": {
        "lines": [
          null,
          null,
          1,
          1,
          1,
          null,
          null
        ]
      },
      "/app/app/controllers/api/v2/authentication_controller.rb": {
        "lines": [
          1,
          1,
          1,
          1,
          1,
          null,
          null,
          1,
          4,
          1,
          0,
          null,
          null,
          1,
          0,
          null,
          null,
          1,
          1,
          null,
          3,
          null,
          null,
          null,
          null,
          null,
          1,
          1,
          1,
          null,
          null,
          1,
          null,
          1,
          2,
          2,
          null,
          null,
          2,
          null,
          null,
          null,
          null,
          null,
          1,
          4,
          null,
          null,
          1,
          2,
          null,
          null,
          1,
          0,
          null,
          null,
          1,
          3,
          null,
          null,
          null,
          null
        ]
      },
      "/app/app/controllers/api/v2/base_controller.rb": {
        "lines": [
          null,
          null,
          1,
          1,
          1,
          null,
          null
        ]
      },
      "/app/app/controllers/api/v2/profiles_controller.rb": {
        "lines": [
          1,
          1,
          1,
          null,
          null
        ]
      },
      "/app/app/controllers/api/v2/scores_controller.rb": {
        "lines": [
          1,
          1,
          1,
          null,
          null
        ]
      },
      "/app/app/controllers/api/v3/help_requests_controller.rb": {
        "lines": [
          null,
          null,
          1,
          1,
          1,
          1,
          null,
          1,
          1,
          null,
          null,
          null,
          1,
          0,
          null,
          1,
          null,
          null,
          1,
          1,
          null,
          null,
          null,
          null,
          1,
          null,
          null,
          1,
          2,
          null,
          null,
          null,
          null,
          2,
          null,
          null,
          1,
          1,
          null,
          null,
          null,
          null,
          1,
          null,
          null,
          1,
          null,
          1,
          4,
          4,
          null,
          null,
          1,
          4,
          null,
          null,
          1,
          1,
          null,
          null,
          1,
          4,
          null,
          null,
          null,
          null
        ]
      },
      "/app/app/use_cases/api/v3/help_request_cases/assign.rb": {
        "lines": [
          1,
          1,
          1,
          1,
          1,
          1,
          1,
          1,
          1,
          1,
          1,
          1,
          null,
          0,
          null,
          1,
          null,
          null,
          null,
          null,
          null
        ]
      },
      "/app/app/use_cases/api/v3/help_request_cases/base.rb": {
        "lines": [
          1,
          1,
          1,
          1,
          1,
          1,
          4,
          4,
          4,
          4,
          null,
          null,
          1,
          null,
          1,
          null,
          1,
          4,
          null,
          null,
          1,
          0,
          null,
          null,
          1,
          0,
          null,
          0,
          null,
          null,
          1,
          0,
          null,
          null,
          1,
          4,
          null,
          null,
          null,
          null,
          null,
          null,
          null,
          null,
          null,
          null
        ]
      },
      "/app/app/presenters/api/v3/help_request_presenter.rb": {
        "lines": [
          null,
          null,
          1,
          1,
          1,
          1,
          1,
          null,
          1,
          4,
          4,
          null,
          null,
          1,
          4,
          null,
          3,
          null,
          null,
          1,
          null,
          null,
          1,
          3,
          null,
          null,
          null,
          null,
          null,
          null,
          null,
          null,
          null,
          null,
          null,
          1,
          1,
          null,
          null,
          null,
          null,
          null,
          null,
          null,
          null,
          null,
          null,
          null,
          1,
          null,
          1,
          4,
          null,
          null,
          null,
          null,
          null,
          1,
          14,
          null,
          null,
          1,
          1,
          null,
          null,
          1,
          null,
          1,
          null,
          null,
          null,
          1,
          3,
          3,
          3,
          null,
          null,
          1,
          3,
          3,
          3,
          null,
          3,
          3,
          null,
          null,
          1,
          3,
          null,
          null,
          1,
          4,
          4,
          null,
          0,
          0,
          0,
          0,
          0,
          0,
          null,
          0,
          null,
          null,
          null,
          1,
          4,
          4,
          4,
          0,
          0,
          null,
          0,
          0,
          null,
          0,
          null,
          null,
          null,
          null,
          1,
          0,
          0,
          null,
          0,
          null,
          0,
          null,
          0,
          null,
          null,
          null,
          1,
          0,
          null,
          null,
          1,
          0,
          null,
          null,
          1,
          4,
          null,
          null,
          null,
          null
        ]
      },
      "/app/app/use_cases/api/v3/help_request_cases/refuse.rb": {
        "lines": [
          1,
          1,
          1,
          1,
          1,
          1,
          1,
          1,
          1,
          1,
          null,
          0,
          null,
          1,
          null,
          null,
          null,
          null,
          null
        ]
      },
      "/app/app/use_cases/api/v3/help_request_cases/submit.rb": {
        "lines": [
          1,
          1,
          1,
          1,
          1,
          2,
          2,
          2,
          2,
          2,
          2,
          2,
          2,
          2,
          null,
          0,
          null,
          0,
          null,
          2,
          null,
          null,
          1,
          2,
          null,
          null,
          1,
          2,
          null,
          null,
          1,
          2,
          null,
          null,
          1,
          2,
          null,
          null,
          1,
          2,
          null,
          null,
          1,
          2,
          2,
          null,
          null,
          1,
          2,
          null,
          null,
          null,
          null,
          null
        ]
      },
      "/app/app/controllers/api/v3/authentication_controller.rb": {
        "lines": [
          1,
          1,
          1,
          1,
          1,
          null,
          null,
          1,
          4,
          1,
          0,
          null,
          null,
          1,
          0,
          null,
          null,
          1,
          1,
          null,
          3,
          null,
          null,
          null,
          null,
          null,
          1,
          1,
          1,
          null,
          null,
          1,
          null,
          1,
          2,
          2,
          null,
          null,
          2,
          null,
          null,
          null,
          null,
          null,
          1,
          4,
          null,
          null,
          1,
          2,
          null,
          null,
          1,
          0,
          null,
          null,
          1,
          3,
          null,
          null,
          null,
          null
        ]
      },
      "/app/app/controllers/api/v3/base_controller.rb": {
        "lines": [
          null,
          null,
          1,
          1,
          1,
          null,
          null
        ]
      },
      "/app/app/controllers/api/v3/profiles_controller.rb": {
        "lines": [
          1,
          1,
          1,
          null,
          null
        ]
      },
      "/app/app/controllers/api/v3/scores_controller.rb": {
        "lines": [
          1,
          1,
          1,
          null,
          null
        ]
      },
      "/app/app/services/recurring.rb": {
        "lines": [
          1,
          1,
          1,
          null,
          1,
          40,
          40,
          null,
          null,
          1,
          40,
          null,
          null,
          1,
          null,
          1,
          40,
          21,
          null,
          12,
          12,
          12,
          null,
          null,
          null,
          1,
          21,
          null,
          null,
          1,
          12,
          null,
          null,
          null,
          12,
          null,
          null,
          1,
          12,
          null,
          null,
          null,
          null,
          null,
          1,
          12,
          null,
          0,
          null,
          0,
          null,
          null,
          null,
          null,
          null,
          null,
          null
        ]
      },
      "/app/app/services/application_service.rb": {
        "lines": [
          1,
          1,
          40,
          null,
          null
        ]
      },
      "/app/app/services/notifications/push_notification.rb": {
        "lines": [
          1,
          1,
          1,
          2,
          0,
          2,
          0,
          null,
          null,
          2,
          null,
          0,
          null,
          null,
          null,
          null,
          null,
          null,
          null,
          null
        ]
      },
      "/app/app/services/notifications/base.rb": {
        "lines": [
          1,
          1,
          1,
          2,
          2,
          2,
          2,
          null,
          null,
          1,
          0,
          null,
          null,
          1,
          null,
          1,
          null,
          null
        ]
      }
    },
    "timestamp": 1589245200
  }
}
